\BOOKMARK [0][-]{chapter.1}{Introducci\363n}{}% 1
\BOOKMARK [1][-]{section.1.1}{Antecedentes y Motivaci\363n}{chapter.1}% 2
\BOOKMARK [1][-]{section.1.2}{Objetivo}{chapter.1}% 3
\BOOKMARK [1][-]{section.1.3}{Hip\363tesis}{chapter.1}% 4
\BOOKMARK [1][-]{section.1.4}{Propuestas}{chapter.1}% 5
\BOOKMARK [1][-]{section.1.5}{Contribuciones}{chapter.1}% 6
\BOOKMARK [0][-]{chapter.2}{Marco te\363rico}{}% 7
\BOOKMARK [1][-]{section.2.1}{Optimizaci\363n}{chapter.2}% 8
\BOOKMARK [1][-]{section.2.2}{Metaheur\355sticas}{chapter.2}% 9
\BOOKMARK [2][-]{subsection.2.2.1}{Representaci\363n}{section.2.2}% 10
\BOOKMARK [2][-]{subsection.2.2.2}{Vecindad}{section.2.2}% 11
\BOOKMARK [2][-]{subsection.2.2.3}{Funci\363n de aptitud o fitness}{section.2.2}% 12
\BOOKMARK [2][-]{subsection.2.2.4}{Paisaje de b\372squeda}{section.2.2}% 13
\BOOKMARK [1][-]{section.2.3}{Problema del planificaci\363n de producci\363n tipo taller \(JSSP\)}{chapter.2}% 14
\BOOKMARK [1][-]{section.2.4}{Representaci\363n de planificaciones}{chapter.2}% 15
\BOOKMARK [1][-]{section.2.5}{Tipos de planificaciones}{chapter.2}% 16
\BOOKMARK [1][-]{section.2.6}{Metaheur\355sticas aplicadas al JSP}{chapter.2}% 17
\BOOKMARK [0][-]{chapter.3}{Propuestas}{}% 18
\BOOKMARK [1][-]{section.3.1}{Llaves aleatorias}{chapter.3}% 19
\BOOKMARK [1][-]{section.3.2}{Extensi\363n a vecindad N7}{chapter.3}% 20
\BOOKMARK [1][-]{section.3.3}{Vecindad basada en soluciones activas}{chapter.3}% 21
\BOOKMARK [0][-]{chapter.4}{Validaci\363n experimental}{}% 22
\BOOKMARK [0][-]{chapter.5}{Conclusiones y Trabajos a Futuro}{}% 23
