This is pdfTeX, Version 3.141592653-2.6-1.40.22 (TeX Live 2021/Arch Linux) (preloaded format=pdflatex 2021.8.12)  2 OCT 2021 14:59
entering extended mode
 restricted \write18 enabled.
 %&-line parsing enabled.
**Tesis.tex
(./Tesis.tex
LaTeX2e <2020-10-01> patch level 4
L3 programming layer <2021-02-18>
(/usr/share/texmf-dist/tex/latex/base/book.cls
Document Class: book 2020/04/10 v1.4m Standard LaTeX document class
(/usr/share/texmf-dist/tex/latex/base/bk12.clo
File: bk12.clo 2020/04/10 v1.4m Standard LaTeX file (size option)
)
\c@part=\count179
\c@chapter=\count180
\c@section=\count181
\c@subsection=\count182
\c@subsubsection=\count183
\c@paragraph=\count184
\c@subparagraph=\count185
\c@figure=\count186
\c@table=\count187
\abovecaptionskip=\skip47
\belowcaptionskip=\skip48
\bibindent=\dimen138
)
(/usr/share/texmf-dist/tex/generic/babel/babel.sty
Package: babel 2021/03/24 3.56 The Babel package

(/usr/share/texmf-dist/tex/generic/babel/babel.def
File: babel.def 2021/03/24 3.56 Babel common definitions
\babel@savecnt=\count188
\U@D=\dimen139
\l@babelnohyphens=\language87

(/usr/share/texmf-dist/tex/generic/babel/txtbabel.def)
\bbl@readstream=\read2
)
\bbl@dirlevel=\count189

(/usr/share/texmf-dist/tex/generic/babel-spanish/spanish.ldf
Language: spanish.ldf 2016/03/03 v5.0p Spanish support from the babel system
\es@quottoks=\toks15
\es@quotdepth=\count190
Package babel Info: Making " an active character on input line 561.
Package babel Info: Making . an active character on input line 662.
Package babel Info: Making < an active character on input line 707.
Package babel Info: Making > an active character on input line 707.
))
(/usr/share/texmf-dist/tex/latex/base/inputenc.sty
Package: inputenc 2020/08/01 v1.3d Input encoding file
\inpenc@prehook=\toks16
\inpenc@posthook=\toks17
)
(/usr/share/texmf-dist/tex/latex/hyperref/hyperref.sty
Package: hyperref 2021-02-27 v7.00k Hypertext links for LaTeX

(/usr/share/texmf-dist/tex/generic/ltxcmds/ltxcmds.sty
Package: ltxcmds 2020-05-10 v1.25 LaTeX kernel commands for general use (HO)
)
(/usr/share/texmf-dist/tex/generic/iftex/iftex.sty
Package: iftex 2020/03/06 v1.0d TeX engine tests
)
(/usr/share/texmf-dist/tex/generic/pdftexcmds/pdftexcmds.sty
Package: pdftexcmds 2020-06-27 v0.33 Utility functions of pdfTeX for LuaTeX (HO
)

(/usr/share/texmf-dist/tex/generic/infwarerr/infwarerr.sty
Package: infwarerr 2019/12/03 v1.5 Providing info/warning/error messages (HO)
)
Package pdftexcmds Info: \pdf@primitive is available.
Package pdftexcmds Info: \pdf@ifprimitive is available.
Package pdftexcmds Info: \pdfdraftmode found.
)
(/usr/share/texmf-dist/tex/latex/graphics/keyval.sty
Package: keyval 2014/10/28 v1.15 key=value parser (DPC)
\KV@toks@=\toks18
)
(/usr/share/texmf-dist/tex/generic/kvsetkeys/kvsetkeys.sty
Package: kvsetkeys 2019/12/15 v1.18 Key value parser (HO)
)
(/usr/share/texmf-dist/tex/generic/kvdefinekeys/kvdefinekeys.sty
Package: kvdefinekeys 2019-12-19 v1.6 Define keys (HO)
)
(/usr/share/texmf-dist/tex/generic/pdfescape/pdfescape.sty
Package: pdfescape 2019/12/09 v1.15 Implements pdfTeX's escape features (HO)
)
(/usr/share/texmf-dist/tex/latex/hycolor/hycolor.sty
Package: hycolor 2020-01-27 v1.10 Color options for hyperref/bookmark (HO)
)
(/usr/share/texmf-dist/tex/latex/letltxmacro/letltxmacro.sty
Package: letltxmacro 2019/12/03 v1.6 Let assignment for LaTeX macros (HO)
)
(/usr/share/texmf-dist/tex/latex/auxhook/auxhook.sty
Package: auxhook 2019-12-17 v1.6 Hooks for auxiliary files (HO)
)
(/usr/share/texmf-dist/tex/latex/kvoptions/kvoptions.sty
Package: kvoptions 2020-10-07 v3.14 Key value format for package options (HO)
)
\@linkdim=\dimen140
\Hy@linkcounter=\count191
\Hy@pagecounter=\count192

(/usr/share/texmf-dist/tex/latex/hyperref/pd1enc.def
File: pd1enc.def 2021-02-27 v7.00k Hyperref: PDFDocEncoding definition (HO)
Now handling font encoding PD1 ...
... no UTF-8 mapping file for font encoding PD1
)
(/usr/share/texmf-dist/tex/latex/hyperref/hyperref-langpatches.def
File: hyperref-langpatches.def 2021-02-27 v7.00k Hyperref: patches for babel la
nguages
)
(/usr/share/texmf-dist/tex/generic/intcalc/intcalc.sty
Package: intcalc 2019/12/15 v1.3 Expandable calculations with integers (HO)
)
(/usr/share/texmf-dist/tex/generic/etexcmds/etexcmds.sty
Package: etexcmds 2019/12/15 v1.7 Avoid name clashes with e-TeX commands (HO)
)
\Hy@SavedSpaceFactor=\count193

(/usr/share/texmf-dist/tex/latex/hyperref/puenc.def
File: puenc.def 2021-02-27 v7.00k Hyperref: PDF Unicode definition (HO)
Now handling font encoding PU ...
... no UTF-8 mapping file for font encoding PU
)
Package hyperref Info: Option `colorlinks' set `true' on input line 4073.
Package hyperref Info: Hyper figures OFF on input line 4192.
Package hyperref Info: Link nesting OFF on input line 4197.
Package hyperref Info: Hyper index ON on input line 4200.
Package hyperref Info: Plain pages OFF on input line 4207.
Package hyperref Info: Backreferencing OFF on input line 4212.
Package hyperref Info: Implicit mode ON; LaTeX internals redefined.
Package hyperref Info: Bookmarks ON on input line 4445.
\c@Hy@tempcnt=\count194

(/usr/share/texmf-dist/tex/latex/url/url.sty
\Urlmuskip=\muskip16
Package: url 2013/09/16  ver 3.4  Verb mode for urls, etc.
)
LaTeX Info: Redefining \url on input line 4804.
\XeTeXLinkMargin=\dimen141

(/usr/share/texmf-dist/tex/generic/bitset/bitset.sty
Package: bitset 2019/12/09 v1.3 Handle bit-vector datatype (HO)

(/usr/share/texmf-dist/tex/generic/bigintcalc/bigintcalc.sty
Package: bigintcalc 2019/12/15 v1.5 Expandable calculations on big integers (HO
)
))
\Fld@menulength=\count195
\Field@Width=\dimen142
\Fld@charsize=\dimen143
Package hyperref Info: Hyper figures OFF on input line 6075.
Package hyperref Info: Link nesting OFF on input line 6080.
Package hyperref Info: Hyper index ON on input line 6083.
Package hyperref Info: backreferencing OFF on input line 6090.
Package hyperref Info: Link coloring ON on input line 6093.
Package hyperref Info: Link coloring with OCG OFF on input line 6100.
Package hyperref Info: PDF/A mode OFF on input line 6105.
LaTeX Info: Redefining \ref on input line 6145.
LaTeX Info: Redefining \pageref on input line 6149.

(/usr/share/texmf-dist/tex/latex/base/atbegshi-ltx.sty
Package: atbegshi-ltx 2020/08/17 v1.0a Emulation of the original atbegshi packa
ge
with kernel methods
)
\Hy@abspage=\count196
\c@Item=\count197
\c@Hfootnote=\count198
)
Package hyperref Info: Driver (autodetected): hpdftex.

(/usr/share/texmf-dist/tex/latex/hyperref/hpdftex.def
File: hpdftex.def 2021-02-27 v7.00k Hyperref driver for pdfTeX

(/usr/share/texmf-dist/tex/latex/base/atveryend-ltx.sty
Package: atveryend-ltx 2020/08/19 v1.0a Emulation of the original atvery packag
e
with kernel methods
)
\Fld@listcount=\count199
\c@bookmark@seq@number=\count266

(/usr/share/texmf-dist/tex/latex/rerunfilecheck/rerunfilecheck.sty
Package: rerunfilecheck 2019/12/05 v1.9 Rerun checks for auxiliary files (HO)

(/usr/share/texmf-dist/tex/generic/uniquecounter/uniquecounter.sty
Package: uniquecounter 2019/12/15 v1.4 Provide unlimited unique counter (HO)
)
Package uniquecounter Info: New unique counter `rerunfilecheck' on input line 2
86.
)
\Hy@SectionHShift=\skip49
)
(/usr/share/texmf-dist/tex/latex/booktabs/booktabs.sty
Package: booktabs 2020/01/12 v1.61803398 Publication quality tables
\heavyrulewidth=\dimen144
\lightrulewidth=\dimen145
\cmidrulewidth=\dimen146
\belowrulesep=\dimen147
\belowbottomsep=\dimen148
\aboverulesep=\dimen149
\abovetopsep=\dimen150
\cmidrulesep=\dimen151
\cmidrulekern=\dimen152
\defaultaddspace=\dimen153
\@cmidla=\count267
\@cmidlb=\count268
\@aboverulesep=\dimen154
\@belowrulesep=\dimen155
\@thisruleclass=\count269
\@lastruleclass=\count270
\@thisrulewidth=\dimen156
)
(/usr/share/texmf-dist/tex/latex/amsmath/amsmath.sty
Package: amsmath 2020/09/23 v2.17i AMS math features
\@mathmargin=\skip50

For additional information on amsmath, use the `?' option.
(/usr/share/texmf-dist/tex/latex/amsmath/amstext.sty
Package: amstext 2000/06/29 v2.01 AMS text

(/usr/share/texmf-dist/tex/latex/amsmath/amsgen.sty
File: amsgen.sty 1999/11/30 v2.0 generic functions
\@emptytoks=\toks19
\ex@=\dimen157
))
(/usr/share/texmf-dist/tex/latex/amsmath/amsbsy.sty
Package: amsbsy 1999/11/29 v1.2d Bold Symbols
\pmbraise@=\dimen158
)
(/usr/share/texmf-dist/tex/latex/amsmath/amsopn.sty
Package: amsopn 2016/03/08 v2.02 operator names
)
\inf@bad=\count271
LaTeX Info: Redefining \frac on input line 234.
\uproot@=\count272
\leftroot@=\count273
LaTeX Info: Redefining \overline on input line 399.
\classnum@=\count274
\DOTSCASE@=\count275
LaTeX Info: Redefining \ldots on input line 496.
LaTeX Info: Redefining \dots on input line 499.
LaTeX Info: Redefining \cdots on input line 620.
\Mathstrutbox@=\box47
\strutbox@=\box48
\big@size=\dimen159
LaTeX Font Info:    Redeclaring font encoding OML on input line 743.
LaTeX Font Info:    Redeclaring font encoding OMS on input line 744.
\macc@depth=\count276
\c@MaxMatrixCols=\count277
\dotsspace@=\muskip17
\c@parentequation=\count278
\dspbrk@lvl=\count279
\tag@help=\toks20
\row@=\count280
\column@=\count281
\maxfields@=\count282
\andhelp@=\toks21
\eqnshift@=\dimen160
\alignsep@=\dimen161
\tagshift@=\dimen162
\tagwidth@=\dimen163
\totwidth@=\dimen164
\lineht@=\dimen165
\@envbody=\toks22
\multlinegap=\skip51
\multlinetaggap=\skip52
\mathdisplay@stack=\toks23
LaTeX Info: Redefining \[ on input line 2923.
LaTeX Info: Redefining \] on input line 2924.
)
(/usr/share/texmf-dist/tex/latex/graphics/graphicx.sty
Package: graphicx 2020/09/09 v1.2b Enhanced LaTeX Graphics (DPC,SPQR)

(/usr/share/texmf-dist/tex/latex/graphics/graphics.sty
Package: graphics 2020/08/30 v1.4c Standard LaTeX Graphics (DPC,SPQR)

(/usr/share/texmf-dist/tex/latex/graphics/trig.sty
Package: trig 2016/01/03 v1.10 sin cos tan (DPC)
)
(/usr/share/texmf-dist/tex/latex/graphics-cfg/graphics.cfg
File: graphics.cfg 2016/06/04 v1.11 sample graphics configuration
)
Package graphics Info: Driver file: pdftex.def on input line 105.

(/usr/share/texmf-dist/tex/latex/graphics-def/pdftex.def
File: pdftex.def 2020/10/05 v1.2a Graphics/color driver for pdftex
))
\Gin@req@height=\dimen166
\Gin@req@width=\dimen167
)
(/usr/share/texmf-dist/tex/latex/amsfonts/amsfonts.sty
Package: amsfonts 2013/01/14 v3.01 Basic AMSFonts support
\symAMSa=\mathgroup4
\symAMSb=\mathgroup5
LaTeX Font Info:    Redeclaring math symbol \hbar on input line 98.
LaTeX Font Info:    Overwriting math alphabet `\mathfrak' in version `bold'
(Font)                  U/euf/m/n --> U/euf/b/n on input line 106.
)
(/usr/share/texmf-dist/tex/latex/amsfonts/amssymb.sty
Package: amssymb 2013/01/14 v3.01 AMS font symbols
)
(/usr/share/texmf-dist/tex/latex/pdfpages/pdfpages.sty
Package: pdfpages 2021/03/06 v0.5t Insert pages of external PDF documents (AM)

(/usr/share/texmf-dist/tex/latex/base/ifthen.sty
Package: ifthen 2014/09/29 v1.1c Standard LaTeX ifthen package (DPC)
)
(/usr/share/texmf-dist/tex/latex/tools/calc.sty
Package: calc 2017/05/25 v4.3 Infix arithmetic (KKT,FJ)
\calc@Acount=\count283
\calc@Bcount=\count284
\calc@Adimen=\dimen168
\calc@Bdimen=\dimen169
\calc@Askip=\skip53
\calc@Bskip=\skip54
LaTeX Info: Redefining \setlength on input line 80.
LaTeX Info: Redefining \addtolength on input line 81.
\calc@Ccount=\count285
\calc@Cskip=\skip55
)
(/usr/share/texmf-dist/tex/latex/eso-pic/eso-pic.sty
Package: eso-pic 2020/10/14 v3.0a eso-pic (RN)
\ESO@tempdima=\dimen170
\ESO@tempdimb=\dimen171

(/usr/share/texmf-dist/tex/latex/xcolor/xcolor.sty
Package: xcolor 2016/05/11 v2.12 LaTeX color extensions (UK)

(/usr/share/texmf-dist/tex/latex/graphics-cfg/color.cfg
File: color.cfg 2016/01/02 v1.6 sample color configuration
)
Package xcolor Info: Driver file: pdftex.def on input line 225.
Package xcolor Info: Model `cmy' substituted by `cmy0' on input line 1348.
Package xcolor Info: Model `hsb' substituted by `rgb' on input line 1352.
Package xcolor Info: Model `RGB' extended on input line 1364.
Package xcolor Info: Model `HTML' substituted by `rgb' on input line 1366.
Package xcolor Info: Model `Hsb' substituted by `hsb' on input line 1367.
Package xcolor Info: Model `tHsb' substituted by `hsb' on input line 1368.
Package xcolor Info: Model `HSB' substituted by `hsb' on input line 1369.
Package xcolor Info: Model `Gray' substituted by `gray' on input line 1370.
Package xcolor Info: Model `wave' substituted by `hsb' on input line 1371.
))
\AM@pagewidth=\dimen172
\AM@pageheight=\dimen173
\AM@fboxrule=\dimen174

(/usr/share/texmf-dist/tex/latex/pdfpages/pppdftex.def
File: pppdftex.def 2021/03/06 v0.5t Pdfpages driver for pdfTeX (AM)
)
\pdfpages@includegraphics@status=\count286
\AM@pagebox=\box49
\AM@global@opts=\toks24
\AM@pagecnt=\count287
\AM@toc@title=\toks25
\c@AM@survey=\count288
\AM@templatesizebox=\box50
)
(/usr/share/texmf-dist/tex/latex/base/makeidx.sty
Package: makeidx 2014/09/29 v1.0m Standard LaTeX package
)
(/usr/share/texmf-dist/tex/latex/import/import.sty
Package: import 2020/04/01  v 6.2
)
(/usr/share/texmf-dist/tex/latex/listings/listings.sty
\lst@mode=\count289
\lst@gtempboxa=\box51
\lst@token=\toks26
\lst@length=\count290
\lst@currlwidth=\dimen175
\lst@column=\count291
\lst@pos=\count292
\lst@lostspace=\dimen176
\lst@width=\dimen177
\lst@newlines=\count293
\lst@lineno=\count294
\lst@maxwidth=\dimen178

(/usr/share/texmf-dist/tex/latex/listings/lstmisc.sty
File: lstmisc.sty 2020/03/24 1.8d (Carsten Heinz)
\c@lstnumber=\count295
\lst@skipnumbers=\count296
\lst@framebox=\box52
)
(/usr/share/texmf-dist/tex/latex/listings/listings.cfg
File: listings.cfg 2020/03/24 1.8d listings configuration
))
Package: listings 2020/03/24 1.8d (Carsten Heinz)

(/usr/share/texmf-dist/tex/latex/float/float.sty
Package: float 2001/11/08 v1.3d Float enhancements (AL)
\c@float@type=\count297
\float@exts=\toks27
\float@box=\box53
\@float@everytoks=\toks28
\@floatcapt=\box54
)
(/usr/share/texmf-dist/tex/latex/multirow/multirow.sty
Package: multirow 2021/03/15 v2.8 Span multiple rows of a table
\multirow@colwidth=\skip56
\multirow@cntb=\count298
\multirow@dima=\skip57
\bigstrutjot=\dimen179
)
(/usr/share/texmf-dist/tex/latex/minitoc/minitoc.sty
Package: minitoc 2018/07/12 v62 Package minitoc

(/usr/share/texmf-dist/tex/latex/minitoc/mtcmess.sty
Package: mtcmess 2006/03/14
)
Package minitoc Info: I0001
(minitoc)             *** minitoc package, version 62 ***.
\tf@mtc=\write3
\mtcindent=\skip58
\mtcskipamount=\skip59
Package minitoc Info: I0005
(minitoc)             compatible with hyperref.
Package minitoc Info: I0023
(minitoc)             part level macros available.
Package minitoc Info: I0003
(minitoc)             chapter level macros available.
\mtc@toks=\toks29
\mtc@strutbox=\box55
\mtc@hstrutbox=\box56
Package minitoc Info: I0002
(minitoc)             Autoconfiguration of extensions.
\openout3 = `Tesis.mtc0'.

\openout3 = `Tesis.mtc'.

 (./Tesis.mtc0)
Package minitoc Info: I0012
(minitoc)             Long extensions (Unix-like) will be used.
Package minitoc Info: I0031
(minitoc)             ==> this version is configured for UNIX-like 
(minitoc)                 (long extensions) file names.
\openout3 = `Tesis.mtc'.

\openout3 = `Tesis.mtc0'.

\c@mtc=\count299
\c@minitocdepth=\count300
\c@ptc=\count301
\c@parttocdepth=\count302
\ptcindent=\skip60
Package minitoc Info: I0010
(minitoc)             The english language is selected.
(minitoc)              on input line 4910.

(/usr/share/texmf-dist/tex/latex/minitoc/english.mld
File: english.mld 2006/01/13
)
(/usr/share/texmf-dist/tex/latex/minitoc/english.mld
File: english.mld 2006/01/13
))
(/usr/share/texmf-dist/tex/latex/enumitem/enumitem.sty
Package: enumitem 2019/06/20 v3.9 Customized lists
\labelindent=\skip61
\enit@outerparindent=\dimen180
\enit@toks=\toks30
\enit@inbox=\box57
\enit@count@id=\count303
\enitdp@description=\count304
)
(/usr/share/texmf-dist/tex/latex/setspace/setspace.sty
Package: setspace 2011/12/19 v6.7a set line spacing
)
(/usr/share/texmf-dist/tex/latex/appendix/appendix.sty
Package: appendix 2020/02/08 v1.2c extra appendix facilities
\c@@pps=\count305
\c@@ppsavesec=\count306
\c@@ppsaveapp=\count307
)
(/usr/share/texmf-dist/tex/latex/algorithm2e/algorithm2e.sty
Package: algorithm2e 2017/07/18 v5.2 algorithms environments
\c@AlgoLine=\count308
\algocf@hangindent=\skip62

(/usr/share/texmf-dist/tex/latex/ifoddpage/ifoddpage.sty
Package: ifoddpage 2016/04/23 v1.1 Conditionals for odd/even page detection
\c@checkoddpage=\count309
)
(/usr/share/texmf-dist/tex/latex/tools/xspace.sty
Package: xspace 2014/10/28 v1.13 Space after command names (DPC,MH)
)
(/usr/share/texmf-dist/tex/latex/relsize/relsize.sty
Package: relsize 2013/03/29 ver 4.1
)
\skiptotal=\skip63
\skiplinenumber=\skip64
\skiprule=\skip65
\skiphlne=\skip66
\skiptext=\skip67
\skiplength=\skip68
\algomargin=\skip69
\skipalgocfslide=\skip70
\algowidth=\dimen181
\inoutsize=\dimen182
\inoutindent=\dimen183
\interspacetitleruled=\dimen184
\interspacealgoruled=\dimen185
\interspacetitleboxruled=\dimen186
\algocf@ruledwidth=\skip71
\algocf@inoutbox=\box58
\algocf@inputbox=\box59
\AlCapSkip=\skip72
\AlCapHSkip=\skip73
\algoskipindent=\skip74
\algocf@nlbox=\box60
\algocf@hangingbox=\box61
\algocf@untilbox=\box62
\algocf@skipuntil=\skip75
\algocf@capbox=\box63
\algocf@lcaptionbox=\skip76
\algoheightruledefault=\skip77
\algoheightrule=\skip78
\algotitleheightruledefault=\skip79
\algotitleheightrule=\skip80
\c@algocfline=\count310
\c@algocfproc=\count311
\c@algocf=\count312
\algocf@algoframe=\box64
\algocf@algobox=\box65
)
(/usr/share/texmf-dist/tex/latex/fncychap/fncychap.sty
Package: fncychap 2007/07/30 v1.34 LaTeX package (Revised chapters)
\RW=\skip81
\mylen=\skip82
\myhi=\skip83
\px=\skip84
\py=\skip85
\pyy=\skip86
\pxx=\skip87
)
(/usr/share/texmf-dist/tex/latex/caption/subcaption.sty
Package: subcaption 2020/10/07 v1.3j Sub-captions (AR)

(/usr/share/texmf-dist/tex/latex/caption/caption.sty
Package: caption 2020/10/26 v3.5g Customizing captions (AR)

(/usr/share/texmf-dist/tex/latex/caption/caption3.sty
Package: caption3 2020/10/21 v2.2e caption3 kernel (AR)
\captionmargin=\dimen187
\captionmargin@=\dimen188
\captionwidth=\dimen189
\caption@tempdima=\dimen190
\caption@indent=\dimen191
\caption@parindent=\dimen192
\caption@hangindent=\dimen193
Package caption Info: Standard document class detected.
)
\c@caption@flags=\count313
\c@continuedfloat=\count314
Package caption Info: float package is loaded.
Package caption Info: hyperref package is loaded.
Package caption Info: listings package is loaded.
)
\c@subfigure=\count315
\c@subtable=\count316
) (./Otros/Comandos.tex
Package minitoc Info: I0017
(minitoc)             \mtcsettitle redefines the macro 
(minitoc)             "mtctitle" as 
(minitoc)             "Sumario" on input line 1.
Package minitoc Info: I0008
(minitoc)             Horizontal rules are inhibited 
(minitoc)             for the parttocs on input line 2.
Package minitoc Info: I0008
(minitoc)             Horizontal rules are inhibited 
(minitoc)             for the partlofs on input line 2.
Package minitoc Info: I0008
(minitoc)             Horizontal rules are inhibited 
(minitoc)             for the partlots on input line 2.
Package minitoc Info: I0008
(minitoc)             Horizontal rules are inhibited 
(minitoc)             for the minitocs on input line 2.
Package minitoc Info: I0008
(minitoc)             Horizontal rules are inhibited 
(minitoc)             for the minilofs on input line 2.
Package minitoc Info: I0008
(minitoc)             Horizontal rules are inhibited 
(minitoc)             for the minilots on input line 2.
Package minitoc Info: I0008
(minitoc)             Horizontal rules are inhibited 
(minitoc)             for the secttocs on input line 2.
Package minitoc Info: I0008
(minitoc)             Horizontal rules are inhibited 
(minitoc)             for the sectlofs on input line 2.
Package minitoc Info: I0008
(minitoc)             Horizontal rules are inhibited 
(minitoc)             for the sectlots on input line 2.
) (/usr/share/texmf-dist/tex/latex/geometry/geometry.sty
Package: geometry 2020/01/02 v5.9 Page Geometry

(/usr/share/texmf-dist/tex/generic/iftex/ifvtex.sty
Package: ifvtex 2019/10/25 v1.7 ifvtex legacy package. Use iftex instead.
)
\Gm@cnth=\count317
\Gm@cntv=\count318
\c@Gm@tempcnt=\count319
\Gm@bindingoffset=\dimen194
\Gm@wd@mp=\dimen195
\Gm@odd@mp=\dimen196
\Gm@even@mp=\dimen197
\Gm@layoutwidth=\dimen198
\Gm@layoutheight=\dimen199
\Gm@layouthoffset=\dimen256
\Gm@layoutvoffset=\dimen257
\Gm@dimlist=\toks31
)
(/usr/share/texmf-dist/tex/latex/l3backend/l3backend-pdftex.def
File: l3backend-pdftex.def 2021-03-18 L3 backend support: PDF output (pdfTeX)
\l__color_backend_stack_int=\count320
\l__pdf_internal_box=\box66
) (./Tesis.aux
(./Portada.aux)
LaTeX Info: Redefining \. on input line 27.
LaTeX Info: Redefining \% on input line 27.
 (./Otros/Resumen.aux) (./Otros/Agradecimientos.aux))
\openout1 = `Tesis.aux'.

LaTeX Font Info:    Checking defaults for OML/cmm/m/it on input line 36.
LaTeX Font Info:    ... okay on input line 36.
LaTeX Font Info:    Checking defaults for OMS/cmsy/m/n on input line 36.
LaTeX Font Info:    ... okay on input line 36.
LaTeX Font Info:    Checking defaults for OT1/cmr/m/n on input line 36.
LaTeX Font Info:    ... okay on input line 36.
LaTeX Font Info:    Checking defaults for T1/cmr/m/n on input line 36.
LaTeX Font Info:    ... okay on input line 36.
LaTeX Font Info:    Checking defaults for TS1/cmr/m/n on input line 36.
LaTeX Font Info:    ... okay on input line 36.
LaTeX Font Info:    Checking defaults for OMX/cmex/m/n on input line 36.
LaTeX Font Info:    ... okay on input line 36.
LaTeX Font Info:    Checking defaults for U/cmr/m/n on input line 36.
LaTeX Font Info:    ... okay on input line 36.
LaTeX Font Info:    Checking defaults for PD1/pdf/m/n on input line 36.
LaTeX Font Info:    ... okay on input line 36.
LaTeX Font Info:    Checking defaults for PU/pdf/m/n on input line 36.
LaTeX Font Info:    ... okay on input line 36.
LaTeX Info: Redefining \. on input line 36.
LaTeX Info: Redefining \% on input line 36.
Package hyperref Info: Link coloring ON on input line 36.

(/usr/share/texmf-dist/tex/latex/hyperref/nameref.sty
Package: nameref 2021-04-02 v2.47 Cross-referencing by name of section

(/usr/share/texmf-dist/tex/latex/refcount/refcount.sty
Package: refcount 2019/12/15 v3.6 Data extraction from label references (HO)
)
(/usr/share/texmf-dist/tex/generic/gettitlestring/gettitlestring.sty
Package: gettitlestring 2019/12/15 v1.6 Cleanup title references (HO)
)
\c@section@level=\count321
)
LaTeX Info: Redefining \ref on input line 36.
LaTeX Info: Redefining \pageref on input line 36.
LaTeX Info: Redefining \nameref on input line 36.

(./Tesis.out) (./Tesis.out)
\@outlinefile=\write4
\openout4 = `Tesis.out'.


(/usr/share/texmf-dist/tex/context/base/mkii/supp-pdf.mkii
[Loading MPS to PDF converter (version 2006.09.02).]
\scratchcounter=\count322
\scratchdimen=\dimen258
\scratchbox=\box67
\nofMPsegments=\count323
\nofMParguments=\count324
\everyMPshowfont=\toks32
\MPscratchCnt=\count325
\MPscratchDim=\dimen259
\MPnumerator=\count326
\makeMPintoPDFobject=\count327
\everyMPtoPDFconversion=\toks33
) (/usr/share/texmf-dist/tex/latex/epstopdf-pkg/epstopdf-base.sty
Package: epstopdf-base 2020-01-24 v2.11 Base part for package epstopdf
Package epstopdf-base Info: Redefining graphics rule for `.eps' on input line 4
85.

(/usr/share/texmf-dist/tex/latex/latexconfig/epstopdf-sys.cfg
File: epstopdf-sys.cfg 2010/07/13 v1.3 Configuration of (r)epstopdf for TeX Liv
e
))
(/usr/share/texmf-dist/tex/latex/pdflscape/pdflscape.sty
Package: pdflscape 2019/12/05 v0.12 Display of landscape pages in PDF (HO)

(/usr/share/texmf-dist/tex/latex/graphics/lscape.sty
Package: lscape 2020/05/28 v3.02 Landscape Pages (DPC)
)
Package pdflscape Info: Auto-detected driver: pdftex on input line 81.
)
\c@lstlisting=\count328
Package minitoc(hints) Info: I0049
(minitoc(hints))             ==> You requested the hints option. 
(minitoc(hints))             Some hints are eventually given below.
Package minitoc(hints) Info: I0042
(minitoc(hints))             --- The appendix package is loaded. 
(minitoc(hints))             See the minitoc package documentation 
(minitoc(hints))             for specific precautions.


Package minitoc(hints) Warning: W0030
(minitoc(hints))                --- The \part command is altered 
(minitoc(hints))                after minitoc.


Package minitoc(hints) Warning: W0023
(minitoc(hints))                --- It may be the consequence 
(minitoc(hints))                of loading the ``hyperref'' package.


Package minitoc(hints) Warning: W0028
(minitoc(hints))                --- The \chapter command is altered 
(minitoc(hints))                after minitoc.


Package minitoc(hints) Warning: W0023
(minitoc(hints))                --- It may be the consequence 
(minitoc(hints))                of loading the ``hyperref'' package.

Package caption Info: Begin \AtBeginDocument code.
Package caption Info: End \AtBeginDocument code.
*geometry* driver: auto-detecting
*geometry* detected driver: pdftex
*geometry* verbose mode - [ preamble ] result:
* driver: pdftex
* paper: letterpaper
* layout: <same size as paper>
* layoutoffset:(h,v)=(0.0pt,0.0pt)
* modes: twoside 
* h-part:(L,W,R)=(56.9055pt, 500.484pt, 56.9055pt)
* v-part:(T,H,B)=(56.9055pt, 681.15898pt, 56.9055pt)
* \paperwidth=614.295pt
* \paperheight=794.96999pt
* \textwidth=500.484pt
* \textheight=681.15898pt
* \oddsidemargin=-15.36449pt
* \evensidemargin=-15.36449pt
* \topmargin=-47.23828pt
* \headheight=12.0pt
* \headsep=19.8738pt
* \topskip=12.0pt
* \footskip=30.0pt
* \marginparwidth=98.0pt
* \marginparsep=7.0pt
* \columnsep=10.0pt
* \skip\footins=10.8pt plus 4.0pt minus 2.0pt
* \hoffset=0.0pt
* \voffset=0.0pt
* \mag=1000
* \@twocolumnfalse
* \@twosidetrue
* \@mparswitchtrue
* \@reversemarginfalse
* (1in=72.27pt=25.4mm, 1cm=28.453pt)

\openout2 = `Portada.aux'.

(./Portada.tex
<Imagenes/cimatlogo.png, id=159, 145.0218pt x 195.8517pt>
File: Imagenes/cimatlogo.png Graphic file (type png)
<use Imagenes/cimatlogo.png>
Package pdftex.def Info: Imagenes/cimatlogo.png  used on input line 2.
(pdftex.def)             Requested size: 72.06703pt x 97.32791pt.
LaTeX Font Info:    Trying to load font information for U+msa on input line 3.
 (/usr/share/texmf-dist/tex/latex/amsfonts/umsa.fd
File: umsa.fd 2013/01/14 v3.01 AMS symbols A
)
LaTeX Font Info:    Trying to load font information for U+msb on input line 3.

(/usr/share/texmf-dist/tex/latex/amsfonts/umsb.fd
File: umsb.fd 2013/01/14 v3.01 AMS symbols B
)
Overfull \hbox (17.6248pt too wide) in paragraph at lines 1--9
[]$[]$$[]$ 
 []


Underfull \vbox (badness 10000) has occurred while \output is active []

 [1


{/var/lib/texmf/fonts/map/pdftex/updmap/pdftex.map} <./Imagenes/cimatlogo.png>]
)pdfTeX warning (ext4): destination with the same identifier (name{page.}) has 
been already used, duplicate ignored
<to be read again> 
                   \relax 
l.39 \pagebreak \frontmatter
                             [2






]
\openout2 = `Otros/Resumen.aux'.

 (./Otros/Resumen.tex
Underfull \vbox (badness 6348) has occurred while \output is active []

 [1


])
[2]
\openout2 = `Otros/Agradecimientos.aux'.

 (./Otros/Agradecimientos.tex
Underfull \hbox (badness 10000) in paragraph at lines 2--3

 []


Underfull \hbox (badness 10000) in paragraph at lines 4--5

 []


Underfull \hbox (badness 10000) in paragraph at lines 6--7

 []


Underfull \hbox (badness 10000) in paragraph at lines 8--9

 []

) [3




]
Package minitoc Info: I0024
(minitoc)             PREPARING MINITOCS FROM Tesis.toc on input line 44.
Package minitoc Info: I0033
(minitoc)             Writing Tesis.mtc1.
\openout3 = `Tesis.mtc1'.

Package minitoc Info: I0033
(minitoc)             Writing Tesis.mtc2.
\openout3 = `Tesis.mtc2'.

Package minitoc Info: I0033
(minitoc)             Writing Tesis.mtc3.
\openout3 = `Tesis.mtc3'.

Package minitoc Info: I0033
(minitoc)             Writing Tesis.mtc4.
\openout3 = `Tesis.mtc4'.

Package minitoc Info: I0033
(minitoc)             Writing Tesis.mtc5.
\openout3 = `Tesis.mtc5'.

Package minitoc Info: I0033
(minitoc)             Writing Tesis.mtc6.
\openout3 = `Tesis.mtc6'.

 (./Tesis.toc
LaTeX Info: Redefining \. on input line 1.
LaTeX Info: Redefining \% on input line 1.
 [4



])
\tf@toc=\write5
\openout5 = `Tesis.toc'.

LaTeX Info: Redefining \. on input line 46.
LaTeX Info: Redefining \% on input line 46.
 [5]
Cap\'{\i }tulo 1.
LaTeX Font Info:    Trying to load font information for OT1+phv on input line 4
8.
(/usr/share/texmf-dist/tex/latex/psnfss/ot1phv.fd
File: ot1phv.fd 2020/03/25 scalable font definitions for OT1/phv.
)
LaTeX Font Info:    Trying to load font information for OT1+ptm on input line 4
8.

(/usr/share/texmf-dist/tex/latex/psnfss/ot1ptm.fd
File: ot1ptm.fd 2001/06/04 font definitions for OT1/ptm.
)
\openout3 = `Tesis.mtc'.

\openout3 = `Tesis.mtc'.

 (./Tesis.mtc1)
(./Introduccion/AntecedentesYMotivacion.tex [1


]
LaTeX Info: Redefining \. on input line 67.
LaTeX Info: Redefining \% on input line 67.
 [2]
LaTeX Info: Redefining \. on input line 114.
LaTeX Info: Redefining \% on input line 114.
 [3])
(./Introduccion/Objetivos.tex) (./Introduccion/Hipotesis.tex)
(./Introduccion/Propuesta.tex
LaTeX Info: Redefining \. on input line 5.
LaTeX Info: Redefining \% on input line 5.
 [4]) (./Introduccion/Contribuciones.tex)
LaTeX Info: Redefining \. on input line 63.
LaTeX Info: Redefining \% on input line 63.
 [5]
Cap\'{\i }tulo 2.
\openout3 = `Tesis.mtc'.

\openout3 = `Tesis.mtc'.

(./Tesis.mtc2) (./marcoteorico/Optimizacion.tex [6

]
LaTeX Info: Redefining \. on input line 66.
LaTeX Info: Redefining \% on input line 66.
 [7]
LaTeX Font Info:    Trying to load font information for U+lasy on input line 88
.

(/usr/share/texmf-dist/tex/latex/base/ulasy.fd
File: ulasy.fd 1998/08/17 v2.2e LaTeX symbol font definitions
) (./marcoteorico/complejidad.tex
LaTeX Info: Redefining \. on input line 7.
LaTeX Info: Redefining \% on input line 7.
[8]
<Imagenes/bigo.png, id=332, 337.26pt x 233.87375pt>
File: Imagenes/bigo.png Graphic file (type png)
<use Imagenes/bigo.png>
Package pdftex.def Info: Imagenes/bigo.png  used on input line 35.
(pdftex.def)             Requested size: 269.80836pt x 187.09923pt.
LaTeX Info: Redefining \. on input line 43.
LaTeX Info: Redefining \% on input line 43.
 [9 <./Imagenes/bigo.png>]
LaTeX Info: Redefining \. on input line 83.
LaTeX Info: Redefining \% on input line 83.
 [10])
LaTeX Info: Redefining \. on input line 118.
LaTeX Info: Redefining \% on input line 118.
 [11]
LaTeX Info: Redefining \. on input line 157.
LaTeX Info: Redefining \% on input line 157.
 [12]
<Imagenes/repr_example.pdf, id=375, 111.05891pt x 109.53522pt>
File: Imagenes/repr_example.pdf Graphic file (type pdf)
<use Imagenes/repr_example.pdf>
Package pdftex.def Info: Imagenes/repr_example.pdf  used on input line 162.
(pdftex.def)             Requested size: 166.58794pt x 164.30238pt.

Underfull \hbox (badness 10000) in paragraph at lines 167--168

 []

LaTeX Info: Redefining \. on input line 184.
LaTeX Info: Redefining \% on input line 184.
[13 <./Imagenes/repr_example.pdf>]
<Imagenes/representacion.pdf, id=395, 241.40086pt x 252.80447pt>
File: Imagenes/representacion.pdf Graphic file (type pdf)
<use Imagenes/representacion.pdf>
Package pdftex.def Info: Imagenes/representacion.pdf  used on input line 197.
(pdftex.def)             Requested size: 241.40025pt x 252.80383pt.
LaTeX Info: Redefining \. on input line 215.
LaTeX Info: Redefining \% on input line 215.
 [14 <./Imagenes/representacion.pdf>]
<Imagenes/search1.png, id=427, 443.6575pt x 478.78876pt>
File: Imagenes/search1.png Graphic file (type png)
<use Imagenes/search1.png>
Package pdftex.def Info: Imagenes/search1.png  used on input line 253.
(pdftex.def)             Requested size: 221.8282pt x 239.39378pt.

Overfull \hbox (21.63766pt too wide) in paragraph at lines 253--254
[][] 
 []

<Imagenes/search2.png, id=428, 443.6575pt x 478.78876pt>
File: Imagenes/search2.png Graphic file (type png)
<use Imagenes/search2.png>
Package pdftex.def Info: Imagenes/search2.png  used on input line 257.
(pdftex.def)             Requested size: 221.8282pt x 239.39378pt.
<Imagenes/search3.png, id=429, 463.7325pt x 478.78876pt>
File: Imagenes/search3.png Graphic file (type png)
<use Imagenes/search3.png>
Package pdftex.def Info: Imagenes/search3.png  used on input line 262.
(pdftex.def)             Requested size: 231.86568pt x 239.39378pt.

Underfull \hbox (badness 10000) in paragraph at lines 252--265
[]$[]$ $[]$
 []

LaTeX Info: Redefining \. on input line 275.
LaTeX Info: Redefining \% on input line 275.
[15]
LaTeX Info: Redefining \. on input line 275.
LaTeX Info: Redefining \% on input line 275.
 [16 <./Imagenes/search1.png> <./Imagenes/search2.png> <./Imagenes/search3.png>
]

LaTeX Warning: No positions in optional float specifier.
               Default added (so using `tbp') on input line 294.

<Imagenes/rugged.png, id=444, 492.84125pt x 525.965pt>
File: Imagenes/rugged.png Graphic file (type png)
<use Imagenes/rugged.png>
Package pdftex.def Info: Imagenes/rugged.png  used on input line 296.
(pdftex.def)             Requested size: 197.133pt x 210.38226pt.
<Imagenes/ruggedvalley.png, id=445, 421.575pt x 426.59375pt>
File: Imagenes/ruggedvalley.png Graphic file (type png)
<use Imagenes/ruggedvalley.png>
Package pdftex.def Info: Imagenes/ruggedvalley.png  used on input line 300.
(pdftex.def)             Requested size: 168.627pt x 170.63446pt.
<Imagenes/smoothvalley.png, id=446, 422.57875pt x 441.65pt>
File: Imagenes/smoothvalley.png Graphic file (type png)
<use Imagenes/smoothvalley.png>
Package pdftex.def Info: Imagenes/smoothvalley.png  used on input line 305.
(pdftex.def)             Requested size: 169.0285pt x 176.65686pt.

Underfull \hbox (badness 10000) in paragraph at lines 295--308
[]$[]$ $[]$
 []

<Imagenes/mettray.png, id=447, 358.4592pt x 266.6763pt>
File: Imagenes/mettray.png Graphic file (type png)
<use Imagenes/mettray.png>
Package pdftex.def Info: Imagenes/mettray.png  used on input line 342.
(pdftex.def)             Requested size: 286.76773pt x 213.34132pt.

Underfull \vbox (badness 8038) has occurred while \output is active []

LaTeX Info: Redefining \. on input line 345.
LaTeX Info: Redefining \% on input line 345.
 [17]
LaTeX Info: Redefining \. on input line 345.
LaTeX Info: Redefining \% on input line 345.

[18 <./Imagenes/rugged.png> <./Imagenes/ruggedvalley.png> <./Imagenes/smoothval
ley.png>]
Underfull \hbox (badness 10000) in paragraph at lines 380--389

 []

LaTeX Info: Redefining \. on input line 389.
LaTeX Info: Redefining \% on input line 389.
[19 <./Imagenes/mettray.png>]) (./marcoteorico/Definiciones.tex
LaTeX Info: Redefining \. on input line 24.
LaTeX Info: Redefining \% on input line 24.
 [20]
<Imagenes/solspace.pdf, id=487, 455.64427pt x 341.83308pt>
File: Imagenes/solspace.pdf Graphic file (type pdf)
<use Imagenes/solspace.pdf>
Package pdftex.def Info: Imagenes/solspace.pdf  used on input line 43.
(pdftex.def)             Requested size: 364.51591pt x 273.46681pt.

Underfull \vbox (badness 10000) has occurred while \output is active []

LaTeX Info: Redefining \. on input line 47.
LaTeX Info: Redefining \% on input line 47.
 [21]
Underfull \vbox (badness 10000) has occurred while \output is active []

LaTeX Info: Redefining \. on input line 67.
LaTeX Info: Redefining \% on input line 67.
 [22 <./Imagenes/solspace.pdf>]
<Imagenes/ganttfeas.png, id=512, 794.2473pt x 405.4347pt>
File: Imagenes/ganttfeas.png Graphic file (type png)
<use Imagenes/ganttfeas.png>
Package pdftex.def Info: Imagenes/ganttfeas.png  used on input line 72.
(pdftex.def)             Requested size: 357.40797pt x 182.44392pt.
<Imagenes/ganttsemi.png, id=513, 794.2473pt x 405.4347pt>
File: Imagenes/ganttsemi.png Graphic file (type png)
<use Imagenes/ganttsemi.png>
Package pdftex.def Info: Imagenes/ganttsemi.png  used on input line 77.
(pdftex.def)             Requested size: 357.40797pt x 182.44392pt.
<Imagenes/ganttactive.png, id=514, 794.2473pt x 405.4347pt>
File: Imagenes/ganttactive.png Graphic file (type png)
<use Imagenes/ganttactive.png>
Package pdftex.def Info: Imagenes/ganttactive.png  used on input line 82.
(pdftex.def)             Requested size: 357.40797pt x 182.44392pt.
<Imagenes/planejemplorc.png, id=519, 388.0899pt x 298.4751pt>
File: Imagenes/planejemplorc.png Graphic file (type png)
<use Imagenes/planejemplorc.png>
Package pdftex.def Info: Imagenes/planejemplorc.png  used on input line 132.
(pdftex.def)             Requested size: 271.66107pt x 208.93114pt.
LaTeX Info: Redefining \. on input line 135.
LaTeX Info: Redefining \% on input line 135.
 [23]
LaTeX Info: Redefining \. on input line 160.
LaTeX Info: Redefining \% on input line 160.
 [24 <./Imagenes/planejemplorc.png>]
<Imagenes/disyuntive.pdf, id=540, 382.90753pt x 191.66003pt>
File: Imagenes/disyuntive.pdf Graphic file (type pdf)
<use Imagenes/disyuntive.pdf>
Package pdftex.def Info: Imagenes/disyuntive.pdf  used on input line 181.
(pdftex.def)             Requested size: 320.3122pt x 160.32654pt.
<Imagenes/plandisyuntive.pdf, id=541, 354.91093pt x 200.71486pt>
File: Imagenes/plandisyuntive.pdf Graphic file (type pdf)
<use Imagenes/plandisyuntive.pdf>
Package pdftex.def Info: Imagenes/plandisyuntive.pdf  used on input line 186.
(pdftex.def)             Requested size: 320.3122pt x 181.14702pt.


LaTeX Warning: `h' float specifier changed to `ht'.


Underfull \vbox (badness 10000) has occurred while \output is active []

LaTeX Info: Redefining \. on input line 195.
LaTeX Info: Redefining \% on input line 195.
 [25])
(./marcoteorico/union.tex
<Imagenes/N1.pdf, id=558, 525.62675pt x 184.19414pt>
File: Imagenes/N1.pdf Graphic file (type pdf)
<use Imagenes/N1.pdf>
Package pdftex.def Info: Imagenes/N1.pdf  used on input line 34.
(pdftex.def)             Requested size: 367.93622pt x 128.93501pt.
LaTeX Info: Redefining \. on input line 36.
LaTeX Info: Redefining \% on input line 36.
 [26]
<Imagenes/N4.pdf, id=570, 598.28622pt x 184.19414pt>
File: Imagenes/N4.pdf Graphic file (type pdf)
<use Imagenes/N4.pdf>
Package pdftex.def Info: Imagenes/N4.pdf  used on input line 45.
(pdftex.def)             Requested size: 418.7975pt x 128.93501pt.
<Imagenes/N5.pdf, id=572, 525.62675pt x 184.19414pt>
File: Imagenes/N5.pdf Graphic file (type pdf)
<use Imagenes/N5.pdf>
Package pdftex.def Info: Imagenes/N5.pdf  used on input line 56.
(pdftex.def)             Requested size: 367.93622pt x 128.93501pt.

Underfull \vbox (badness 10000) has occurred while \output is active []

LaTeX Info: Redefining \. on input line 59.
LaTeX Info: Redefining \% on input line 59.
 [27 <./Imagenes/N1.pdf> <./Imagenes/N4.pdf>]
<Imagenes/N6.pdf, id=584, 533.12878pt x 184.19414pt>
File: Imagenes/N6.pdf Graphic file (type pdf)
<use Imagenes/N6.pdf>
Package pdftex.def Info: Imagenes/N6.pdf  used on input line 66.
(pdftex.def)             Requested size: 373.18759pt x 128.93501pt.
<Imagenes/N7.pdf, id=586, 540.63081pt x 184.19414pt>
File: Imagenes/N7.pdf Graphic file (type pdf)
<use Imagenes/N7.pdf>
Package pdftex.def Info: Imagenes/N7.pdf  used on input line 75.
(pdftex.def)             Requested size: 378.43898pt x 128.93501pt.
LaTeX Info: Redefining \. on input line 83.
LaTeX Info: Redefining \% on input line 83.
 [28 <./Imagenes/N5.pdf> <./Imagenes/N6.pdf> <./Imagenes/N7.pdf>]
LaTeX Info: Redefining \. on input line 134.
LaTeX Info: Redefining \% on input line 134.
 [29]) (./marcoteorico/instancias.tex
Underfull \hbox (badness 10000) in paragraph at lines 2--33

 []

LaTeX Info: Redefining \. on input line 33.
LaTeX Info: Redefining \% on input line 33.
[30]
<Imagenes/casoextremomalo.png, id=648, 794.2473pt x 405.4347pt>
File: Imagenes/casoextremomalo.png Graphic file (type png)
<use Imagenes/casoextremomalo.png>
Package pdftex.def Info: Imagenes/casoextremomalo.png  used on input line 42.
(pdftex.def)             Requested size: 397.12268pt x 202.71684pt.
<Imagenes/casoextremobueno.png, id=649, 794.2473pt x 405.4347pt>
File: Imagenes/casoextremobueno.png Graphic file (type png)
<use Imagenes/casoextremobueno.png>
Package pdftex.def Info: Imagenes/casoextremobueno.png  used on input line 47.
(pdftex.def)             Requested size: 397.12268pt x 202.71684pt.


LaTeX Warning: `h' float specifier changed to `ht'.

LaTeX Info: Redefining \. on input line 56.
LaTeX Info: Redefining \% on input line 56.
[31])
LaTeX Info: Redefining \. on input line 73.
LaTeX Info: Redefining \% on input line 73.
 [32]
LaTeX Info: Redefining \. on input line 75.
LaTeX Info: Redefining \% on input line 75.
 [33 <./Imagenes/ganttfeas.png> <./Imagenes/ganttsemi.png> <./Imagenes/ganttact
ive.png>]
LaTeX Info: Redefining \. on input line 75.
LaTeX Info: Redefining \% on input line 75.
 [34 <./Imagenes/disyuntive.pdf> <./Imagenes/plandisyuntive.pdf>]
LaTeX Info: Redefining \. on input line 75.
LaTeX Info: Redefining \% on input line 75.
 [35 <./Imagenes/casoextremomalo.png> <./Imagenes/casoextremobueno.png>]
Cap\'{\i }tulo 3.
(./propuestas/intro.tex) (./propuestas/ILS.tex [36

])
(./propuestas/representacion.tex
LaTeX Info: Redefining \. on input line 34.
LaTeX Info: Redefining \% on input line 34.

Overfull \hbox (0.87914pt too wide) has occurred while \output is active
\OT1/cmr/m/sl/12 3.2.  REPRESENTACI[]ON DE SOLUCIONES ACTIVAS BASADA EN LLAVES 
ALEATORIAS \OT1/cmr/m/n/12 37
 []

[37]
Underfull \vbox (badness 10000) has occurred while \output is active []

LaTeX Info: Redefining \. on input line 76.
LaTeX Info: Redefining \% on input line 76.
 [38]
File: Imagenes/planejemplorc.png Graphic file (type png)
<use Imagenes/planejemplorc.png>
Package pdftex.def Info: Imagenes/planejemplorc.png  used on input line 79.
(pdftex.def)             Requested size: 271.66107pt x 208.93114pt.
LaTeX Info: Redefining \. on input line 99.
LaTeX Info: Redefining \% on input line 99.

Overfull \hbox (0.87914pt too wide) has occurred while \output is active
\OT1/cmr/m/sl/12 3.2.  REPRESENTACI[]ON DE SOLUCIONES ACTIVAS BASADA EN LLAVES 
ALEATORIAS \OT1/cmr/m/n/12 39
 []

[39]
<Imagenes/ganttnonactivepr.png, id=753, 388.0899pt x 298.4751pt>
File: Imagenes/ganttnonactivepr.png Graphic file (type png)
<use Imagenes/ganttnonactivepr.png>
Package pdftex.def Info: Imagenes/ganttnonactivepr.png  used on input line 145.

(pdftex.def)             Requested size: 271.66107pt x 208.93114pt.
LaTeX Info: Redefining \. on input line 149.
LaTeX Info: Redefining \% on input line 149.
 [40]
<Imagenes/ganttactivepr.png, id=764, 388.0899pt x 298.4751pt>
File: Imagenes/ganttactivepr.png Graphic file (type png)
<use Imagenes/ganttactivepr.png>
Package pdftex.def Info: Imagenes/ganttactivepr.png  used on input line 152.
(pdftex.def)             Requested size: 271.66107pt x 208.93114pt.
) (./propuestas/vecindades.tex
LaTeX Info: Redefining \. on input line 4.
LaTeX Info: Redefining \% on input line 4.

Overfull \hbox (0.87914pt too wide) has occurred while \output is active
\OT1/cmr/m/sl/12 3.2.  REPRESENTACI[]ON DE SOLUCIONES ACTIVAS BASADA EN LLAVES 
ALEATORIAS \OT1/cmr/m/n/12 41
 []

[41 <./Imagenes/ganttnonactivepr.png> <./Imagenes/ganttactivepr.png>]
<Imagenes/vec2.pdf, id=774, 150.44707pt x 134.9863pt>
File: Imagenes/vec2.pdf Graphic file (type pdf)
<use Imagenes/vec2.pdf>
Package pdftex.def Info: Imagenes/vec2.pdf  used on input line 11.
(pdftex.def)             Requested size: 195.58115pt x 175.48215pt.

Underfull \vbox (badness 4403) has occurred while \output is active []

LaTeX Info: Redefining \. on input line 39.
LaTeX Info: Redefining \% on input line 39.
 [42 <./Imagenes/vec2.pdf>]
<Imagenes/N8.pdf, id=806, 532.22134pt x 186.11934pt>
File: Imagenes/N8.pdf Graphic file (type pdf)
<use Imagenes/N8.pdf>
Package pdftex.def Info: Imagenes/N8.pdf  used on input line 53.
(pdftex.def)             Requested size: 372.55238pt x 130.28262pt.
) (./propuestas/fitness.tex
LaTeX Info: Redefining \. on input line 18.
LaTeX Info: Redefining \% on input line 18.
 [43 <./Imagenes/N8.pdf>])
LaTeX Info: Redefining \. on input line 82.
LaTeX Info: Redefining \% on input line 82.
 [44]
LaTeX Info: Redefining \. on input line 82.
LaTeX Info: Redefining \% on input line 82.

[45]
Cap\'{\i }tulo 4.
(./validacion/intro.tex) (./validacion/resultados.tex [46

]
<Imagenes/resn7ils1.png, id=847, 798.5835pt x 419.166pt>
File: Imagenes/resn7ils1.png Graphic file (type png)
<use Imagenes/resn7ils1.png>
Package pdftex.def Info: Imagenes/resn7ils1.png  used on input line 26.
(pdftex.def)             Requested size: 519.07314pt x 272.45467pt.

Overfull \hbox (18.58914pt too wide) in paragraph at lines 26--27
 [][] 
 []

<Imagenes/resn7ils2.png, id=848, 798.5835pt x 419.166pt>
File: Imagenes/resn7ils2.png Graphic file (type png)
<use Imagenes/resn7ils2.png>
Package pdftex.def Info: Imagenes/resn7ils2.png  used on input line 33.
(pdftex.def)             Requested size: 519.07314pt x 272.45467pt.

Overfull \hbox (18.58914pt too wide) in paragraph at lines 33--34
 [][] 
 []

LaTeX Info: Redefining \. on input line 39.
LaTeX Info: Redefining \% on input line 39.
[47 <./Imagenes/resn7ils1.png>]
Underfull \hbox (badness 10000) in paragraph at lines 63--65

 []

LaTeX Info: Redefining \. on input line 65.
LaTeX Info: Redefining \% on input line 65.
[48 <./Imagenes/resn7ils2.png>]
<Imagenes/fitnesscomp.png, id=876, 443.0151pt x 421.3341pt>
File: Imagenes/fitnesscomp.png Graphic file (type png)
<use Imagenes/fitnesscomp.png>
Package pdftex.def Info: Imagenes/fitnesscomp.png  used on input line 71.
(pdftex.def)             Requested size: 354.41257pt x 337.06773pt.
<Imagenes/PN7CmaxvsPN7Tup_1.png, id=878, 798.5835pt x 419.166pt>
File: Imagenes/PN7CmaxvsPN7Tup_1.png Graphic file (type png)
<use Imagenes/PN7CmaxvsPN7Tup_1.png>
Package pdftex.def Info: Imagenes/PN7CmaxvsPN7Tup_1.png  used on input line 97.

(pdftex.def)             Requested size: 519.07314pt x 272.45467pt.

Overfull \hbox (18.58914pt too wide) in paragraph at lines 97--98
 [][] 
 []

<Imagenes/PN7CmaxvsPN7Tup_2.png, id=879, 798.5835pt x 419.166pt>
File: Imagenes/PN7CmaxvsPN7Tup_2.png Graphic file (type png)
<use Imagenes/PN7CmaxvsPN7Tup_2.png>
Package pdftex.def Info: Imagenes/PN7CmaxvsPN7Tup_2.png  used on input line 104
.
(pdftex.def)             Requested size: 519.07314pt x 272.45467pt.

Overfull \hbox (18.58914pt too wide) in paragraph at lines 104--105
 [][] 
 []

LaTeX Info: Redefining \. on input line 109.
LaTeX Info: Redefining \% on input line 109.
[49]
LaTeX Info: Redefining \. on input line 109.
LaTeX Info: Redefining \% on input line 109.
 [50 <./Imagenes/fitnesscomp.png>]
LaTeX Info: Redefining \. on input line 114.
LaTeX Info: Redefining \% on input line 114.
 [51 <./Imagenes/PN7CmaxvsPN7Tup_1.png> <./Imagenes/PN7CmaxvsPN7Tup_2.png>]
<Imagenes/n8vsn7.png, id=901, 443.0151pt x 430.7292pt>
File: Imagenes/n8vsn7.png Graphic file (type png)
<use Imagenes/n8vsn7.png>
Package pdftex.def Info: Imagenes/n8vsn7.png  used on input line 117.
(pdftex.def)             Requested size: 310.10846pt x 301.50838pt.
<Imagenes/n8vsn7err1.png, id=903, 798.5835pt x 419.166pt>
File: Imagenes/n8vsn7err1.png Graphic file (type png)
<use Imagenes/n8vsn7err1.png>
Package pdftex.def Info: Imagenes/n8vsn7err1.png  used on input line 127.
(pdftex.def)             Requested size: 479.15381pt x 251.50154pt.
<Imagenes/n8vsn7err2.png, id=904, 798.5835pt x 419.166pt>
File: Imagenes/n8vsn7err2.png Graphic file (type png)
<use Imagenes/n8vsn7err2.png>
Package pdftex.def Info: Imagenes/n8vsn7err2.png  used on input line 134.
(pdftex.def)             Requested size: 479.15381pt x 251.50154pt.

Underfull \vbox (badness 10000) has occurred while \output is active []

LaTeX Info: Redefining \. on input line 140.
LaTeX Info: Redefining \% on input line 140.
 [52 <./Imagenes/n8vsn7.png>]
<Imagenes/prn7n8comp.png, id=914, 443.0151pt x 430.7292pt>
File: Imagenes/prn7n8comp.png Graphic file (type png)
<use Imagenes/prn7n8comp.png>
Package pdftex.def Info: Imagenes/prn7n8comp.png  used on input line 145.
(pdftex.def)             Requested size: 310.10846pt x 301.50838pt.

Underfull \vbox (badness 10000) has occurred while \output is active []

LaTeX Info: Redefining \. on input line 149.
LaTeX Info: Redefining \% on input line 149.
 [53 <./Imagenes/n8vsn7err1.png> <./Imagenes/n8vsn7err2.png>]
<Imagenes/prvsn7vsn8err1.png, id=923, 798.5835pt x 419.166pt>
File: Imagenes/prvsn7vsn8err1.png Graphic file (type png)
<use Imagenes/prvsn7vsn8err1.png>
Package pdftex.def Info: Imagenes/prvsn7vsn8err1.png  used on input line 170.
(pdftex.def)             Requested size: 479.15381pt x 251.50154pt.
<Imagenes/prvsn7vsn8err2.png, id=924, 798.5835pt x 419.166pt>
File: Imagenes/prvsn7vsn8err2.png Graphic file (type png)
<use Imagenes/prvsn7vsn8err2.png>
Package pdftex.def Info: Imagenes/prvsn7vsn8err2.png  used on input line 178.
(pdftex.def)             Requested size: 479.15381pt x 251.50154pt.

Underfull \vbox (badness 10000) has occurred while \output is active []

LaTeX Info: Redefining \. on input line 184.
LaTeX Info: Redefining \% on input line 184.
 [54 <./Imagenes/prn7n8comp.png>]
LaTeX Info: Redefining \. on input line 187.
LaTeX Info: Redefining \% on input line 187.
 [55 <./Imagenes/prvsn7vsn8err1.png> <./Imagenes/prvsn7vsn8err2.png>]
<Imagenes/compvec78.png, id=946, 851.3406pt x 423.5022pt>
File: Imagenes/compvec78.png Graphic file (type png)
<use Imagenes/compvec78.png>
Package pdftex.def Info: Imagenes/compvec78.png  used on input line 189.
(pdftex.def)             Requested size: 510.8083pt x 254.10327pt.

Overfull \hbox (10.32431pt too wide) in paragraph at lines 189--190
[][] 
 []

<Imagenes/bxpn7_1.png, id=950, 804.3651pt x 432.1746pt>
File: Imagenes/bxpn7_1.png Graphic file (type png)
<use Imagenes/bxpn7_1.png>
Package pdftex.def Info: Imagenes/bxpn7_1.png  used on input line 203.
(pdftex.def)             Requested size: 482.62277pt x 259.30676pt.
<Imagenes/bxppr_1.png, id=951, 804.3651pt x 432.1746pt>
File: Imagenes/bxppr_1.png Graphic file (type png)
<use Imagenes/bxppr_1.png>
Package pdftex.def Info: Imagenes/bxppr_1.png  used on input line 211.
(pdftex.def)             Requested size: 482.62277pt x 259.30676pt.
LaTeX Info: Redefining \. on input line 217.
LaTeX Info: Redefining \% on input line 217.
[56 <./Imagenes/compvec78.png>]
<Imagenes/bxpn7_2.png, id=959, 804.3651pt x 432.1746pt>
File: Imagenes/bxpn7_2.png Graphic file (type png)
<use Imagenes/bxpn7_2.png>
Package pdftex.def Info: Imagenes/bxpn7_2.png  used on input line 223.
(pdftex.def)             Requested size: 482.62277pt x 259.30676pt.
<Imagenes/bxppr_2.png, id=960, 804.3651pt x 432.1746pt>
File: Imagenes/bxppr_2.png Graphic file (type png)
<use Imagenes/bxppr_2.png>
Package pdftex.def Info: Imagenes/bxppr_2.png  used on input line 231.
(pdftex.def)             Requested size: 482.62277pt x 259.30676pt.

Underfull \vbox (badness 10000) has occurred while \output is active []

LaTeX Info: Redefining \. on input line 237.
LaTeX Info: Redefining \% on input line 237.
 [57 <./Imagenes/bxpn7_1.png> <./Imagenes/bxppr_1.png>])
LaTeX Info: Redefining \. on input line 90.
LaTeX Info: Redefining \% on input line 90.
 [58 <./Imagenes/bxpn7_2.png> <./Imagenes/bxppr_2.png>]
Cap\'{\i }tulo 5.
Package minitoc Info: I0006
(minitoc)             Tesis.mtc5 is empty on input line 92.
(./Conclusiones/Conclusiones.tex
Underfull \vbox (badness 1194) has occurred while \output is active []

 [59

])
LaTeX Info: Redefining \. on input line 94.
LaTeX Info: Redefining \% on input line 94.

[60]pdfTeX warning (ext4): destination with the same identifier (name{chapter.1
}) has been already used, duplicate ignored
<to be read again> 
                   \relax 
l.94 \chapter{Apndice}
                        
Ap\'{e}ndice A.
(./apendice/sotares.tex)
Underfull \vbox (badness 10000) has occurred while \output is active []

 [61

]
Overfull \vbox (24.27492pt too high) has occurred while \output is active []

LaTeX Info: Redefining \. on input line 95.
LaTeX Info: Redefining \% on input line 95.

[62] (./apendice/resn7ils.texpdfTeX warning (ext4): destination with the same i
dentifier (name{section.1.1}) has been already used, duplicate ignored
<to be read again> 
                   \relax 
l.1 \section{Resultados paraN7 con makespan}
                                            )
LaTeX Info: Redefining \. on input line 96.
LaTeX Info: Redefining \% on input line 96.
 [63]
LaTeX Info: Redefining \. on input line 96.
LaTeX Info: Redefining \% on input line 96.
 [64]
(./apendice/resn7tuple.texpdfTeX warning (ext4): destination with the same iden
tifier (name{section.1.2}) has been already used, duplicate ignored
<to be read again> 
                   \relax 
l.1 ...os para vecindad N7 con tupla como fitness}
                                                  )
LaTeX Info: Redefining \. on input line 97.
LaTeX Info: Redefining \% on input line 97.
 [65]
LaTeX Info: Redefining \. on input line 97.
LaTeX Info: Redefining \% on input line 97.
 [66]
(./apendice/resn8tuple.texpdfTeX warning (ext4): destination with the same iden
tifier (name{section.1.3}) has been already used, duplicate ignored
<to be read again> 
                   \relax 
l.1 ...ados para Extensin de vecindad con tupla}
                                                  )
LaTeX Info: Redefining \. on input line 98.
LaTeX Info: Redefining \% on input line 98.
 [67]
LaTeX Info: Redefining \. on input line 98.
LaTeX Info: Redefining \% on input line 98.
 [68]
(./apendice/resprtuple.texpdfTeX warning (ext4): destination with the same iden
tifier (name{section.1.4}) has been already used, duplicate ignored
<to be read again> 
                   \relax 
l.1 ...n{Resultados para Nueva vecindad con tupla}
                                                  )
LaTeX Info: Redefining \. on input line 99.
LaTeX Info: Redefining \% on input line 99.
 [69]
LaTeX Info: Redefining \. on input line 99.
LaTeX Info: Redefining \% on input line 99.
 [70] (./Tesis.bbl
[71

]
LaTeX Info: Redefining \. on input line 147.
LaTeX Info: Redefining \% on input line 147.
 [72]
LaTeX Info: Redefining \. on input line 228.
LaTeX Info: Redefining \% on input line 228.
 [73])
Package minitoc Info: I0009
(minitoc)             Listing minitoc auxiliary files. 
(minitoc)             Creating the Tesis.maf file.
\openout3 = `Tesis.maf'.



Package minitoc(hints) Warning: W0086
(minitoc(hints))                The fncychap package should be 
(minitoc(hints))                loaded BEFORE the minitoc package.


Package minitoc(hints) Warning: W0033
(minitoc(hints))                The caption package should be 
(minitoc(hints))                loaded BEFORE the minitoc package.

Package minitoc(hints) Info: I0053
(minitoc(hints))             You have loaded the float package; 
(minitoc(hints))             please be aware that the minitoc package 
(minitoc(hints))             facilities can not be used for new types 
(minitoc(hints))             of floats defined by the float package.

Package minitoc(hints) Warning: W0024
(minitoc(hints))                Some hints have been written 
(minitoc(hints))                in the Tesis.log file.

LaTeX Info: Redefining \. on input line 104.
LaTeX Info: Redefining \% on input line 104.
[74] (./Tesis.aux (./Portada.aux)
LaTeX Info: Redefining \. on input line 27.
LaTeX Info: Redefining \% on input line 27.
 (./Otros/Resumen.aux)
(./Otros/Agradecimientos.aux))
Package rerunfilecheck Info: File `Tesis.out' has not changed.
(rerunfilecheck)             Checksum: 26DFBE93CBB831BA4355C00FD21FA982;7911.
 )
(\end occurred inside a group at level 1)

### semi simple group (level 1) entered at line 40 (\begingroup)
### bottom level 
Here is how much of TeX's memory you used:
 18818 strings out of 478994
 277768 string characters out of 5864751
 651888 words of memory out of 5000000
 35406 multiletter control sequences out of 15000+600000
 421149 words of font info for 86 fonts, out of 8000000 for 9000
 1141 hyphenation exceptions out of 8191
 71i,16n,77p,1214b,770s stack positions out of 5000i,500n,10000p,200000b,80000s
pdfTeX warning (dest): name{Hfootnote.3} has been referenced bu
t does not exist, replaced by a fixed one

pdfTeX warning (dest): name{Hfootnote.2} has been referenced but does not exist
, replaced by a fixed one

pdfTeX warning (dest): name{Hfootnote.1} has been referenced but does not exist
, replaced by a fixed one

{/usr/share/texmf-dist/fonts/enc/dvips/base/8r.enc}</usr/share/texmf-dist/fonts
/type1/public/amsfonts/cm/cmbx10.pfb></usr/share/texmf-dist/fonts/type1/public/
amsfonts/cm/cmbx12.pfb></usr/share/texmf-dist/fonts/type1/public/amsfonts/cm/cm
bx8.pfb></usr/share/texmf-dist/fonts/type1/public/amsfonts/cm/cmcsc10.pfb></usr
/share/texmf-dist/fonts/type1/public/amsfonts/cm/cmex10.pfb></usr/share/texmf-d
ist/fonts/type1/public/amsfonts/cm/cmmi10.pfb></usr/share/texmf-dist/fonts/type
1/public/amsfonts/cm/cmmi12.pfb></usr/share/texmf-dist/fonts/type1/public/amsfo
nts/cm/cmmi7.pfb></usr/share/texmf-dist/fonts/type1/public/amsfonts/cm/cmmi8.pf
b></usr/share/texmf-dist/fonts/type1/public/amsfonts/cm/cmr10.pfb></usr/share/t
exmf-dist/fonts/type1/public/amsfonts/cm/cmr12.pfb></usr/share/texmf-dist/fonts
/type1/public/amsfonts/cm/cmr17.pfb></usr/share/texmf-dist/fonts/type1/public/a
msfonts/cm/cmr7.pfb></usr/share/texmf-dist/fonts/type1/public/amsfonts/cm/cmr8.
pfb></usr/share/texmf-dist/fonts/type1/public/amsfonts/cm/cmsl12.pfb></usr/shar
e/texmf-dist/fonts/type1/public/amsfonts/cm/cmss10.pfb></usr/share/texmf-dist/f
onts/type1/public/amsfonts/cm/cmss9.pfb></usr/share/texmf-dist/fonts/type1/publ
ic/amsfonts/cm/cmssbx10.pfb></usr/share/texmf-dist/fonts/type1/public/amsfonts/
cm/cmsy10.pfb></usr/share/texmf-dist/fonts/type1/public/amsfonts/cm/cmsy7.pfb><
/usr/share/texmf-dist/fonts/type1/public/amsfonts/cm/cmsy8.pfb></usr/share/texm
f-dist/fonts/type1/public/amsfonts/cm/cmti12.pfb></usr/share/texmf-dist/fonts/t
ype1/public/amsfonts/cm/cmtt12.pfb></usr/share/texmf-dist/fonts/type1/public/am
sfonts/latxfont/lasy10.pfb></usr/share/texmf-dist/fonts/type1/public/amsfonts/s
ymbols/msbm10.pfb></usr/share/texmf-dist/fonts/type1/urw/helvetic/uhvr8a.pfb></
usr/share/texmf-dist/fonts/type1/urw/times/utmr8a.pfb>
Output written on Tesis.pdf (81 pages, 1851179 bytes).
PDF statistics:
 1177 PDF objects out of 1200 (max. 8388607)
 971 compressed objects within 10 object streams
 261 named destinations out of 1000 (max. 500000)
 546 words of extra memory for PDF output out of 10000 (max. 10000000)

